\BOOKMARK [0][-]{chapter*.1}{\376\377\000R\000\351\000s\000u\000m\000\351}{}% 1
\BOOKMARK [0][-]{chapter.1}{\376\377\000I\000n\000t\000r\000o\000d\000u\000c\000t\000i\000o\000n\000\040\000e\000t\000\040\000C\000o\000n\000t\000e\000x\000t\000e}{}% 2
\BOOKMARK [1][-]{section.1.1}{\376\377\000C\000o\000n\000t\000e\000x\000t\000e\000\040\000i\000n\000d\000u\000s\000t\000r\000i\000e\000l}{chapter.1}% 3
\BOOKMARK [1][-]{section.1.2}{\376\377\000P\000r\000o\000b\000l\000\351\000m\000a\000t\000i\000q\000u\000e}{chapter.1}% 4
\BOOKMARK [1][-]{section.1.3}{\376\377\000O\000b\000j\000e\000c\000t\000i\000f\000s\000\040\000d\000u\000\040\000p\000r\000o\000j\000e\000t}{chapter.1}% 5
\BOOKMARK [0][-]{chapter.2}{\376\377\000A\000r\000c\000h\000i\000t\000e\000c\000t\000u\000r\000e\000\040\000T\000e\000c\000h\000n\000i\000q\000u\000e}{}% 6
\BOOKMARK [1][-]{section.2.1}{\376\377\000V\000u\000e\000\040\000d\000'\000e\000n\000s\000e\000m\000b\000l\000e}{chapter.2}% 7
\BOOKMARK [1][-]{section.2.2}{\376\377\000S\000t\000a\000c\000k\000\040\000t\000e\000c\000h\000n\000o\000l\000o\000g\000i\000q\000u\000e}{chapter.2}% 8
\BOOKMARK [1][-]{section.2.3}{\376\377\000A\000r\000c\000h\000i\000t\000e\000c\000t\000u\000r\000e\000\040\000B\000a\000c\000k\000e\000n\000d}{chapter.2}% 9
\BOOKMARK [1][-]{section.2.4}{\376\377\000M\000o\000t\000e\000u\000r\000\040\000R\000A\000G\000\040\000\050\000R\000e\000t\000r\000i\000e\000v\000a\000l\000-\000A\000u\000g\000m\000e\000n\000t\000e\000d\000\040\000G\000e\000n\000e\000r\000a\000t\000i\000o\000n\000\051}{chapter.2}% 10
\BOOKMARK [0][-]{chapter.3}{\376\377\000F\000o\000n\000c\000t\000i\000o\000n\000n\000a\000l\000i\000t\000\351\000s\000\040\000e\000t\000\040\000C\000a\000p\000t\000u\000r\000e\000s\000\040\000d\000'\000\311\000c\000r\000a\000n}{}% 11
\BOOKMARK [1][-]{section.3.1}{\376\377\000P\000a\000g\000e\000\040\000d\000e\000\040\000C\000o\000n\000n\000e\000x\000i\000o\000n}{chapter.3}% 12
\BOOKMARK [1][-]{section.3.2}{\376\377\000D\000a\000s\000h\000b\000o\000a\000r\000d\000\040\000E\000x\000\351\000c\000u\000t\000i\000f\000\040\0003\0006\0000\000\260}{chapter.3}% 13
\BOOKMARK [1][-]{section.3.3}{\376\377\000M\000i\000n\000e\000A\000s\000s\000i\000s\000t\000\040\000A\000I\000\040\040\023\000\040\000Q\000u\000e\000s\000t\000i\000o\000n\000-\000R\000\351\000p\000o\000n\000s\000e\000\040\000D\000o\000c\000u\000m\000e\000n\000t\000a\000i\000r\000e}{chapter.3}% 14
\BOOKMARK [2][-]{subsection.3.3.1}{\376\377\000F\000o\000n\000c\000t\000i\000o\000n\000n\000a\000l\000i\000t\000\351\000s\000\040\000a\000v\000a\000n\000c\000\351\000e\000s}{section.3.3}% 15
\BOOKMARK [1][-]{section.3.4}{\376\377\000E\000x\000p\000e\000r\000t\000\040\000D\000i\000a\000g\000n\000o\000s\000t\000i\000c\000\040\040\023\000\040\000D\000\351\000c\000o\000d\000e\000u\000r\000\040\000d\000e\000\040\000P\000a\000n\000n\000e\000s}{chapter.3}% 16
\BOOKMARK [2][-]{subsection.3.4.1}{\376\377\000B\000a\000s\000e\000\040\000d\000e\000\040\000d\000o\000n\000n\000\351\000e\000s\000\040\000i\000n\000t\000\351\000g\000r\000\351\000e}{section.3.4}% 17
\BOOKMARK [1][-]{section.3.5}{\376\377\000C\000a\000p\000t\000e\000u\000r\000s\000\040\000\046\000\040\000M\000o\000n\000i\000t\000o\000r\000i\000n\000g\000\040\000L\000i\000v\000e}{chapter.3}% 18
\BOOKMARK [1][-]{section.3.6}{\376\377\000C\000e\000n\000t\000r\000e\000\040\000d\000'\000A\000l\000e\000r\000t\000e\000s\000\040\000O\000C\000P}{chapter.3}% 19
\BOOKMARK [1][-]{section.3.7}{\376\377\000P\000e\000r\000f\000o\000r\000m\000a\000n\000c\000e\000\040\000\046\000\040\000S\000a\000n\000t\000\351\000\040\000M\000a\000c\000h\000i\000n\000e\000\040\000\050\000E\000l\000i\000t\000e\000\040\000v\0002\000\051}{chapter.3}% 20
\BOOKMARK [1][-]{section.3.8}{\376\377\000G\000M\000A\000O\000\040\000A\000n\000a\000l\000y\000t\000i\000c\000s}{chapter.3}% 21
\BOOKMARK [1][-]{section.3.9}{\376\377\000A\000n\000a\000l\000y\000s\000e\000\040\000G\000\351\000o\000s\000p\000a\000t\000i\000a\000l\000e}{chapter.3}% 22
\BOOKMARK [1][-]{section.3.10}{\376\377\000D\000\351\000t\000e\000c\000t\000i\000o\000n\000\040\000d\000'\000A\000n\000o\000m\000a\000l\000i\000e\000s\000\040\000p\000a\000r\000\040\000I\000A}{chapter.3}% 23
\BOOKMARK [1][-]{section.3.11}{\376\377\000A\000n\000a\000l\000y\000s\000e\000s\000\040\000d\000'\000H\000u\000i\000l\000e}{chapter.3}% 24
\BOOKMARK [1][-]{section.3.12}{\376\377\000I\000m\000p\000o\000r\000t\000\040\000d\000e\000\040\000D\000o\000n\000n\000\351\000e\000s\000\040\000O\000C\000P}{chapter.3}% 25
\BOOKMARK [0][-]{chapter.4}{\376\377\000M\000o\000d\000\350\000l\000e\000s\000\040\000M\000a\000c\000h\000i\000n\000e\000\040\000L\000e\000a\000r\000n\000i\000n\000g}{}% 26
\BOOKMARK [1][-]{section.4.1}{\376\377\000A\000r\000c\000h\000i\000t\000e\000c\000t\000u\000r\000e\000\040\000d\000u\000\040\000P\000i\000p\000e\000l\000i\000n\000e\000\040\000M\000L}{chapter.4}% 27
\BOOKMARK [2][-]{subsection.4.1.1}{\376\377\000P\000r\000\351\000p\000a\000r\000a\000t\000i\000o\000n\000\040\000d\000e\000s\000\040\000d\000o\000n\000n\000\351\000e\000s\000\040\000\050\000P\000r\000e\000p\000r\000o\000c\000e\000s\000s\000i\000n\000g\000\051}{section.4.1}% 28
\BOOKMARK [1][-]{section.4.2}{\376\377\000M\000o\000d\000\350\000l\000e\000s\000\040\000D\000\351\000p\000l\000o\000y\000\351\000s}{chapter.4}% 29
\BOOKMARK [1][-]{section.4.3}{\376\377\000I\000n\000g\000\351\000n\000i\000e\000r\000i\000e\000\040\000d\000e\000s\000\040\000F\000e\000a\000t\000u\000r\000e\000s\000\040\000e\000t\000\040\000\311\000v\000a\000l\000u\000a\000t\000i\000o\000n}{chapter.4}% 30
\BOOKMARK [2][-]{subsection.4.3.1}{\376\377\000E\000s\000p\000a\000c\000e\000\040\000V\000e\000c\000t\000o\000r\000i\000e\000l\000\040\000\050\000F\000e\000a\000t\000u\000r\000e\000\040\000E\000n\000g\000i\000n\000e\000e\000r\000i\000n\000g\000\051}{section.4.3}% 31
\BOOKMARK [1][-]{section.4.4}{\376\377\000\311\000t\000u\000d\000e\000\040\000C\000o\000m\000p\000a\000r\000a\000t\000i\000v\000e\000\040\000d\000e\000s\000\040\000A\000r\000c\000h\000i\000t\000e\000c\000t\000u\000r\000e\000s\000\040\000\050\000N\000o\000u\000v\000e\000l\000l\000e\000\040\000D\000\351\000m\000a\000r\000c\000h\000e\000\051}{chapter.4}% 32
\BOOKMARK [2][-]{subsection.4.4.1}{\376\377\000P\000e\000r\000f\000o\000r\000m\000a\000n\000c\000e\000\040\000Q\000u\000a\000n\000t\000i\000t\000a\000t\000i\000v\000e\000\040\000\050\000R\000M\000S\000E\000\051}{section.4.4}% 33
\BOOKMARK [2][-]{subsection.4.4.2}{\376\377\000V\000a\000l\000i\000d\000a\000t\000i\000o\000n\000\040\000p\000a\000r\000\040\000M\000a\000t\000r\000i\000c\000e\000\040\000d\000e\000\040\000C\000o\000n\000f\000u\000s\000i\000o\000n}{section.4.4}% 34
\BOOKMARK [2][-]{subsection.4.4.3}{\376\377\000A\000n\000a\000l\000y\000s\000e\000\040\000d\000e\000s\000\040\000R\000\351\000s\000i\000d\000u\000s\000\040\000e\000t\000\040\000P\000r\000\351\000d\000i\000c\000t\000i\000o\000n\000s}{section.4.4}% 35
\BOOKMARK [0][-]{chapter.5}{\376\377\000S\000\351\000c\000u\000r\000i\000t\000\351\000\040\000e\000t\000\040\000D\000\351\000p\000l\000o\000i\000e\000m\000e\000n\000t}{}% 36
\BOOKMARK [1][-]{section.5.1}{\376\377\000S\000\351\000c\000u\000r\000i\000t\000\351}{chapter.5}% 37
\BOOKMARK [1][-]{section.5.2}{\376\377\000C\000I\000/\000C\000D\000\040\000a\000v\000e\000c\000\040\000G\000i\000t\000H\000u\000b\000\040\000A\000c\000t\000i\000o\000n\000s}{chapter.5}% 38
\BOOKMARK [1][-]{section.5.3}{\376\377\000A\000r\000c\000h\000i\000t\000e\000c\000t\000u\000r\000e\000\040\000D\000o\000c\000k\000e\000r}{chapter.5}% 39
\BOOKMARK [0][-]{chapter.6}{\376\377\000C\000o\000n\000c\000l\000u\000s\000i\000o\000n\000\040\000e\000t\000\040\000P\000e\000r\000s\000p\000e\000c\000t\000i\000v\000e\000s}{}% 40
\BOOKMARK [1][-]{section.6.1}{\376\377\000B\000i\000l\000a\000n}{chapter.6}% 41
\BOOKMARK [1][-]{section.6.2}{\376\377\000P\000e\000r\000s\000p\000e\000c\000t\000i\000v\000e\000s}{chapter.6}% 42
\BOOKMARK [0][-]{chapter*.19}{\376\377\000R\000\351\000f\000\351\000r\000e\000n\000c\000e\000s}{}% 43
